2020-12-27 16:27:36,455 CRIT Supervisor is running as root.  Privileges were not dropped because no user is specified in the config file.  If you intend to run as root, you can set user=root in the config file to avoid this message.
2020-12-27 16:27:36,458 INFO Included extra file "/opt/docker/etc/supervisor.d/apache.conf" during parsing
2020-12-27 16:27:36,459 INFO Included extra file "/opt/docker/etc/supervisor.d/blackfire-agent.conf" during parsing
2020-12-27 16:27:36,460 INFO Included extra file "/opt/docker/etc/supervisor.d/cron.conf" during parsing
2020-12-27 16:27:36,461 INFO Included extra file "/opt/docker/etc/supervisor.d/dnsmasq.conf" during parsing
2020-12-27 16:27:36,462 INFO Included extra file "/opt/docker/etc/supervisor.d/php-fpm.conf" during parsing
2020-12-27 16:27:36,463 INFO Included extra file "/opt/docker/etc/supervisor.d/postfix.conf" during parsing
2020-12-27 16:27:36,464 INFO Included extra file "/opt/docker/etc/supervisor.d/ssh.conf" during parsing
2020-12-27 16:27:36,465 INFO Included extra file "/opt/docker/etc/supervisor.d/syslog.conf" during parsing
2020-12-27 16:27:36,790 INFO RPC interface 'supervisor' initialized
2020-12-27 16:27:36,797 INFO supervisord started with pid 81
2020-12-27 16:27:37,809 INFO spawned: 'syslogd' with pid 84
2020-12-27 16:27:37,816 INFO spawned: 'php-fpmd' with pid 85
2020-12-27 16:27:37,825 INFO spawned: 'apached' with pid 86
2020-12-27 16:27:37,833 INFO spawned: 'crond' with pid 87
2020-12-27 16:27:37,845 INFO spawned: 'postfixd' with pid 94
2020-12-27 16:27:37,857 INFO spawned: 'sshd' with pid 96
2020-12-27 16:27:37,869 INFO success: php-fpmd entered RUNNING state, process has stayed up for > than 0 seconds (startsecs)
2020-12-27 16:27:37,872 INFO success: apached entered RUNNING state, process has stayed up for > than 0 seconds (startsecs)
2020-12-27 16:27:37,874 INFO success: crond entered RUNNING state, process has stayed up for > than 0 seconds (startsecs)
2020-12-27 16:27:37,876 INFO success: postfixd entered RUNNING state, process has stayed up for > than 0 seconds (startsecs)
2020-12-27 16:27:37,878 INFO success: sshd entered RUNNING state, process has stayed up for > than 0 seconds (startsecs)
2020-12-27 16:27:39,481 INFO success: syslogd entered RUNNING state, process has stayed up for > than 1 seconds (startsecs)
